[09:51:02] >>> deploy
[09:51:02] :: Installing bootstrap/rootfs ... 
[09:51:02] Checking installation path ... done
[09:51:02] Making new disk image (2047 MB) ... done
[09:51:03] Making file system (ext4) ... done
[09:51:03] Checking file system ... done
[09:51:03] Mounting the container: 
[09:51:03] / ... done
[09:51:03] /proc ... done
[09:51:03] /sys ... done
[09:51:03] /dev ... done
[09:51:03] /dev/shm ... done
[09:51:03] /dev/pts ... done
[09:51:03] /dev/fd ... done
[09:51:03] /dev/tty ... done
[09:51:03] /dev/net/tun ... done
[09:51:03] :: Installing bootstrap/debian ... 
[09:51:03] I: Retrieving InRelease 
[09:51:04] I: Retrieving Packages 
[09:51:05] I: Validating Packages 
[09:51:09] I: Resolving dependencies of required packages...
[09:51:12] I: Resolving dependencies of base packages...
[09:51:16] I: Checking component main on http://ftp.debian.org/debian...
[09:51:17] I: Retrieving libacl1 2.2.53-4
[09:51:17] I: Validating libacl1 2.2.53-4
[09:51:17] I: Retrieving adduser 3.118
[09:51:17] I: Validating adduser 3.118
[09:51:17] I: Retrieving libapparmor1 2.13.2-10
[09:51:18] I: Validating libapparmor1 2.13.2-10
[09:51:18] I: Retrieving apt 1.8.2.3
[09:51:19] I: Validating apt 1.8.2.3
[09:51:19] I: Retrieving apt-utils 1.8.2.3
[09:51:20] I: Validating apt-utils 1.8.2.3
[09:51:20] I: Retrieving libapt-inst2.0 1.8.2.3
[09:51:20] I: Validating libapt-inst2.0 1.8.2.3
[09:51:20] I: Retrieving libapt-pkg5.0 1.8.2.3
[09:51:21] I: Validating libapt-pkg5.0 1.8.2.3
[09:51:21] I: Retrieving libargon2-1 0~20171227-0.2
[09:51:21] I: Validating libargon2-1 0~20171227-0.2
[09:51:21] I: Retrieving libattr1 1:2.4.48-4
[09:51:22] I: Validating libattr1 1:2.4.48-4
[09:51:22] I: Retrieving libaudit-common 1:2.8.4-3
[09:51:22] I: Validating libaudit-common 1:2.8.4-3
[09:51:22] I: Retrieving libaudit1 1:2.8.4-3
[09:51:23] I: Validating libaudit1 1:2.8.4-3
[09:51:23] I: Retrieving base-files 10.3+deb10u10
[09:51:23] I: Validating base-files 10.3+deb10u10
[09:51:23] I: Retrieving base-passwd 3.5.46
[09:51:23] I: Validating base-passwd 3.5.46
[09:51:24] I: Retrieving bash 5.0-4
[09:51:24] I: Validating bash 5.0-4
[09:51:24] I: Retrieving libdns-export1104 1:9.11.5.P4+dfsg-5.1+deb10u5
[09:51:25] I: Validating libdns-export1104 1:9.11.5.P4+dfsg-5.1+deb10u5
[09:51:25] I: Retrieving libisc-export1100 1:9.11.5.P4+dfsg-5.1+deb10u5
[09:51:26] I: Validating libisc-export1100 1:9.11.5.P4+dfsg-5.1+deb10u5
[09:51:26] I: Retrieving bsdmainutils 11.1.2+b1
[09:51:26] I: Validating bsdmainutils 11.1.2+b1
[09:51:27] I: Retrieving libbz2-1.0 1.0.6-9.2~deb10u1
[09:51:27] I: Validating libbz2-1.0 1.0.6-9.2~deb10u1
[09:51:27] I: Retrieving libdebconfclient0 0.249
[09:51:27] I: Validating libdebconfclient0 0.249
[09:51:27] I: Retrieving coreutils 8.30-3
[09:51:28] I: Validating coreutils 8.30-3
[09:51:28] I: Retrieving cpio 2.12+dfsg-9
[09:51:29] I: Validating cpio 2.12+dfsg-9
[09:51:29] I: Retrieving cron 3.0pl1-134+deb10u1
[09:51:29] I: Validating cron 3.0pl1-134+deb10u1
[09:51:29] I: Retrieving libcryptsetup12 2:2.1.0-5+deb10u2
[09:51:30] I: Validating libcryptsetup12 2:2.1.0-5+deb10u2
[09:51:30] I: Retrieving dash 0.5.10.2-5
[09:51:31] I: Validating dash 0.5.10.2-5
[09:51:31] I: Retrieving libdb5.3 5.3.28+dfsg1-0.5
[09:51:31] I: Validating libdb5.3 5.3.28+dfsg1-0.5
[09:51:31] I: Retrieving debconf 1.5.71
[09:51:32] I: Validating debconf 1.5.71
[09:51:32] I: Retrieving debconf-i18n 1.5.71
[09:51:32] I: Validating debconf-i18n 1.5.71
[09:51:32] I: Retrieving debian-archive-keyring 2019.1+deb10u1
[09:51:33] I: Validating debian-archive-keyring 2019.1+deb10u1
[09:51:33] I: Retrieving debianutils 4.8.6.1
[09:51:33] I: Validating debianutils 4.8.6.1
[09:51:33] I: Retrieving diffutils 1:3.7-3
[09:51:33] I: Validating diffutils 1:3.7-3
[09:51:34] I: Retrieving dmidecode 3.2-1
[09:51:34] I: Validating dmidecode 3.2-1
[09:51:34] I: Retrieving dpkg 1.19.7
[09:51:36] I: Validating dpkg 1.19.7
[09:51:36] I: Retrieving e2fsprogs 1.44.5-1+deb10u3
[09:51:36] I: Validating e2fsprogs 1.44.5-1+deb10u3
[09:51:36] I: Retrieving libcom-err2 1.44.5-1+deb10u3
[09:51:37] I: Validating libcom-err2 1.44.5-1+deb10u3
[09:51:37] I: Retrieving libext2fs2 1.44.5-1+deb10u3
[09:51:37] I: Validating libext2fs2 1.44.5-1+deb10u3
[09:51:37] I: Retrieving libelf1 0.176-1.1
[09:51:38] I: Validating libelf1 0.176-1.1
[09:51:38] I: Retrieving findutils 4.6.0+git+20190209-2
[09:51:38] I: Validating findutils 4.6.0+git+20190209-2
[09:51:38] I: Retrieving gcc-8-base 8.3.0-6
[09:51:39] I: Validating gcc-8-base 8.3.0-6
[09:51:39] I: Retrieving libgcc1 1:8.3.0-6
[09:51:39] I: Validating libgcc1 1:8.3.0-6
[09:51:39] I: Retrieving gdbm-l10n 1.18.1-4
[09:51:39] I: Validating gdbm-l10n 1.18.1-4
[09:51:40] I: Retrieving libgdbm6 1.18.1-4
[09:51:40] I: Validating libgdbm6 1.18.1-4
[09:51:40] I: Retrieving libc-bin 2.28-10
[09:51:41] I: Validating libc-bin 2.28-10
[09:51:41] I: Retrieving libc-l10n 2.28-10
[09:51:41] I: Validating libc-l10n 2.28-10
[09:51:41] I: Retrieving libc6 2.28-10
[09:51:42] I: Validating libc6 2.28-10
[09:51:42] I: Retrieving libgmp10 2:6.1.2+dfsg-4
[09:51:43] I: Validating libgmp10 2:6.1.2+dfsg-4
[09:51:43] I: Retrieving gpgv 2.2.12-1+deb10u1
[09:51:43] I: Validating gpgv 2.2.12-1+deb10u1
[09:51:43] I: Retrieving libgnutls30 3.6.7-4+deb10u7
[09:51:44] I: Validating libgnutls30 3.6.7-4+deb10u7
[09:51:44] I: Retrieving grep 3.3-1
[09:51:44] I: Validating grep 3.3-1
[09:51:44] I: Retrieving groff-base 1.22.4-3+deb10u1
[09:51:45] I: Validating groff-base 1.22.4-3+deb10u1
[09:51:45] I: Retrieving gzip 1.9-3
[09:51:45] I: Validating gzip 1.9-3
[09:51:46] I: Retrieving hostname 3.21
[09:51:46] I: Validating hostname 3.21
[09:51:46] I: Retrieving ifupdown 0.8.35
[09:51:47] I: Validating ifupdown 0.8.35
[09:51:47] I: Retrieving init-system-helpers 1.56+nmu1
[09:51:47] I: Validating init-system-helpers 1.56+nmu1
[09:51:47] I: Retrieving iproute2 4.20.0-2+deb10u1
[09:51:48] I: Validating iproute2 4.20.0-2+deb10u1
[09:51:48] I: Retrieving iptables 1.8.2-4
[09:51:48] I: Validating iptables 1.8.2-4
[09:51:48] I: Retrieving libip4tc0 1.8.2-4
[09:51:49] I: Validating libip4tc0 1.8.2-4
[09:51:49] I: Retrieving libip6tc0 1.8.2-4
[09:51:49] I: Validating libip6tc0 1.8.2-4
[09:51:49] I: Retrieving libiptc0 1.8.2-4
[09:51:50] I: Validating libiptc0 1.8.2-4
[09:51:50] I: Retrieving iputils-ping 3:20180629-2+deb10u2
[09:51:50] I: Validating iputils-ping 3:20180629-2+deb10u2
[09:51:50] I: Retrieving isc-dhcp-client 4.4.1-2+deb10u1
[09:51:50] I: Validating isc-dhcp-client 4.4.1-2+deb10u1
[09:51:51] I: Retrieving isc-dhcp-common 4.4.1-2+deb10u1
[09:51:51] I: Validating isc-dhcp-common 4.4.1-2+deb10u1
[09:51:51] I: Retrieving libjson-c3 0.12.1+ds-2+deb10u1
[09:51:51] I: Validating libjson-c3 0.12.1+ds-2+deb10u1
[09:51:51] I: Retrieving kmod 26-1
[09:51:52] I: Validating kmod 26-1
[09:51:52] I: Retrieving libkmod2 26-1
[09:51:52] I: Validating libkmod2 26-1
[09:51:53] I: Retrieving less 487-0.1+b1
[09:51:53] I: Validating less 487-0.1+b1
[09:51:53] I: Retrieving libbsd0 0.9.1-2+deb10u1
[09:51:53] I: Validating libbsd0 0.9.1-2+deb10u1
[09:51:54] I: Retrieving libcap-ng0 0.7.9-2
[09:51:54] I: Validating libcap-ng0 0.7.9-2
[09:51:54] I: Retrieving libcap2 1:2.25-2
[09:51:54] I: Validating libcap2 1:2.25-2
[09:51:54] I: Retrieving libcap2-bin 1:2.25-2
[09:51:55] I: Validating libcap2-bin 1:2.25-2
[09:51:55] I: Retrieving libestr0 0.1.10-2.1
[09:51:55] I: Validating libestr0 0.1.10-2.1
[09:51:55] I: Retrieving libfastjson4 0.99.8-2
[09:51:55] I: Validating libfastjson4 0.99.8-2
[09:51:55] I: Retrieving libffi6 3.2.1-9
[09:51:56] I: Validating libffi6 3.2.1-9
[09:51:56] I: Retrieving libgcrypt20 1.8.4-5+deb10u1
[09:51:56] I: Validating libgcrypt20 1.8.4-5+deb10u1
[09:51:56] I: Retrieving libgpg-error0 1.35-1
[09:51:57] I: Validating libgpg-error0 1.35-1
[09:51:57] I: Retrieving libidn11 1.33-2.2
[09:51:57] I: Validating libidn11 1.33-2.2
[09:51:57] I: Retrieving libidn2-0 2.0.5-1+deb10u1
[09:51:58] I: Validating libidn2-0 2.0.5-1+deb10u1
[09:51:58] I: Retrieving liblocale-gettext-perl 1.07-3+b4
[09:51:58] I: Validating liblocale-gettext-perl 1.07-3+b4
[09:51:58] I: Retrieving liblognorm5 2.0.5-1
[09:51:58] I: Validating liblognorm5 2.0.5-1
[09:51:58] I: Retrieving libmnl0 1.0.4-2
[09:51:59] I: Validating libmnl0 1.0.4-2
[09:51:59] I: Retrieving libnetfilter-conntrack3 1.0.7-1
[09:51:59] I: Validating libnetfilter-conntrack3 1.0.7-1
[09:51:59] I: Retrieving libnfnetlink0 1.0.1-3+b1
[09:52:00] I: Validating libnfnetlink0 1.0.1-3+b1
[09:52:00] I: Retrieving libnftnl11 1.1.2-2
[09:52:00] I: Validating libnftnl11 1.1.2-2
[09:52:00] I: Retrieving dmsetup 2:1.02.155-3
[09:52:01] I: Validating dmsetup 2:1.02.155-3
[09:52:01] I: Retrieving libdevmapper1.02.1 2:1.02.155-3
[09:52:01] I: Validating libdevmapper1.02.1 2:1.02.155-3
[09:52:01] I: Retrieving liblz4-1 1.8.3-1+deb10u1
[09:52:01] I: Validating liblz4-1 1.8.3-1+deb10u1
[09:52:02] I: Retrieving libncurses6 6.1+20181013-2+deb10u2
[09:52:02] I: Validating libncurses6 6.1+20181013-2+deb10u2
[09:52:02] I: Retrieving libncursesw6 6.1+20181013-2+deb10u2
[09:52:02] I: Validating libncursesw6 6.1+20181013-2+deb10u2
[09:52:03] I: Retrieving libhogweed4 3.4.1-1
[09:52:03] I: Validating libhogweed4 3.4.1-1
[09:52:03] I: Retrieving libnettle6 3.4.1-1
[09:52:03] I: Validating libnettle6 3.4.1-1
[09:52:03] I: Retrieving libnewt0.52 0.52.20-8
[09:52:04] I: Validating libnewt0.52 0.52.20-8
[09:52:04] I: Retrieving libp11-kit0 0.23.15-2+deb10u1
[09:52:04] I: Validating libp11-kit0 0.23.15-2+deb10u1
[09:52:04] I: Retrieving libpam-modules 1.3.1-5
[09:52:05] I: Validating libpam-modules 1.3.1-5
[09:52:05] I: Retrieving libpam-modules-bin 1.3.1-5
[09:52:06] I: Validating libpam-modules-bin 1.3.1-5
[09:52:06] I: Retrieving libpam-runtime 1.3.1-5
[09:52:06] I: Validating libpam-runtime 1.3.1-5
[09:52:06] I: Retrieving bsdutils 1:2.33.1-0.1
[09:52:07] I: Validating bsdutils 1:2.33.1-0.1
[09:52:07] I: Retrieving fdisk 2.33.1-0.1
[09:52:07] I: Validating fdisk 2.33.1-0.1
[09:52:07] I: Retrieving libblkid1 2.33.1-0.1
[09:52:08] I: Validating libblkid1 2.33.1-0.1
[09:52:08] I: Retrieving libfdisk1 2.33.1-0.1
[09:52:08] I: Validating libfdisk1 2.33.1-0.1
[09:52:08] I: Retrieving libmount1 2.33.1-0.1
[09:52:09] I: Validating libmount1 2.33.1-0.1
[09:52:09] I: Retrieving liblzma5 5.2.4-1
[09:52:09] I: Validating liblzma5 5.2.4-1
[09:52:09] I: Retrieving libss2 1.44.5-1+deb10u3
[09:52:10] I: Validating libss2 1.44.5-1+deb10u3
[09:52:10] I: Retrieving libstdc++6 8.3.0-6
[09:52:10] I: Validating libstdc++6 8.3.0-6
[09:52:10] I: Retrieving locales 2.28-10
[09:52:11] I: Validating locales 2.28-10
[09:52:11] I: Retrieving libxtables12 1.8.2-4
[09:52:12] I: Validating libxtables12 1.8.2-4
[09:52:12] I: Retrieving libpipeline1 1.5.1-2
[09:52:12] I: Validating libpipeline1 1.5.1-2
[09:52:12] I: Retrieving libseccomp2 2.3.3-4
[09:52:12] I: Validating libseccomp2 2.3.3-4
[09:52:12] I: Retrieving libselinux1 2.8-1+b1
[09:52:13] I: Validating libselinux1 2.8-1+b1
[09:52:13] I: Retrieving libsemanage-common 2.8-2
[09:52:13] I: Validating libsemanage-common 2.8-2
[09:52:13] I: Retrieving libsemanage1 2.8-2
[09:52:13] I: Validating libsemanage1 2.8-2
[09:52:14] I: Retrieving libsepol1 2.8-1
[09:52:14] I: Validating libsepol1 2.8-1
[09:52:14] I: Retrieving libtasn1-6 4.13-3
[09:52:14] I: Validating libtasn1-6 4.13-3
[09:52:14] I: Retrieving libtext-charwidth-perl 0.04-7.1+b1
[09:52:15] I: Validating libtext-charwidth-perl 0.04-7.1+b1
[09:52:15] I: Retrieving libtext-iconv-perl 1.7-5+b6
[09:52:15] I: Validating libtext-iconv-perl 1.7-5+b6
[09:52:15] I: Retrieving libtext-wrapi18n-perl 0.06-7.1
[09:52:16] I: Validating libtext-wrapi18n-perl 0.06-7.1
[09:52:16] I: Retrieving libunistring2 0.9.10-1
[09:52:16] I: Validating libunistring2 0.9.10-1
[09:52:16] I: Retrieving libzstd1 1.3.8+dfsg-3+deb10u2
[09:52:17] I: Validating libzstd1 1.3.8+dfsg-3+deb10u2
[09:52:17] I: Retrieving logrotate 3.14.0-4
[09:52:17] I: Validating logrotate 3.14.0-4
[09:52:17] I: Retrieving lsb-base 10.2019051400
[09:52:18] I: Validating lsb-base 10.2019051400
[09:52:18] I: Retrieving man-db 2.8.5-2
[09:52:18] I: Validating man-db 2.8.5-2
[09:52:18] I: Retrieving mawk 1.3.3-17+b3
[09:52:19] I: Validating mawk 1.3.3-17+b3
[09:52:19] I: Retrieving nano 3.2-3
[09:52:19] I: Validating nano 3.2-3
[09:52:20] I: Retrieving libtinfo6 6.1+20181013-2+deb10u2
[09:52:20] I: Validating libtinfo6 6.1+20181013-2+deb10u2
[09:52:20] I: Retrieving ncurses-base 6.1+20181013-2+deb10u2
[09:52:20] I: Validating ncurses-base 6.1+20181013-2+deb10u2
[09:52:20] I: Retrieving ncurses-bin 6.1+20181013-2+deb10u2
[09:52:21] I: Validating ncurses-bin 6.1+20181013-2+deb10u2
[09:52:21] I: Retrieving netbase 5.6
[09:52:21] I: Validating netbase 5.6
[09:52:21] I: Retrieving whiptail 0.52.20-8
[09:52:22] I: Validating whiptail 0.52.20-8
[09:52:22] I: Retrieving libssl1.1 1.1.1d-0+deb10u6
[09:52:22] I: Validating libssl1.1 1.1.1d-0+deb10u6
[09:52:22] I: Retrieving libpam0g 1.3.1-5
[09:52:23] I: Validating libpam0g 1.3.1-5
[09:52:23] I: Retrieving libpcre3 2:8.39-12
[09:52:23] I: Validating libpcre3 2:8.39-12
[09:52:23] I: Retrieving perl-base 5.28.1-6+deb10u1
[09:52:24] I: Validating perl-base 5.28.1-6+deb10u1
[09:52:24] I: Retrieving libpopt0 1.16-12
[09:52:24] I: Validating libpopt0 1.16-12
[09:52:24] I: Retrieving libprocps7 2:3.3.15-2
[09:52:25] I: Validating libprocps7 2:3.3.15-2
[09:52:25] I: Retrieving procps 2:3.3.15-2
[09:52:25] I: Validating procps 2:3.3.15-2
[09:52:25] I: Retrieving readline-common 7.0-5
[09:52:26] I: Validating readline-common 7.0-5
[09:52:26] I: Retrieving rsyslog 8.1901.0-1
[09:52:27] I: Validating rsyslog 8.1901.0-1
[09:52:27] I: Retrieving sed 4.7-1
[09:52:27] I: Validating sed 4.7-1
[09:52:27] I: Retrieving sensible-utils 0.0.12
[09:52:27] I: Validating sensible-utils 0.0.12
[09:52:28] I: Retrieving login 1:4.5-1.1
[09:52:28] I: Validating login 1:4.5-1.1
[09:52:28] I: Retrieving passwd 1:4.5-1.1
[09:52:29] I: Validating passwd 1:4.5-1.1
[09:52:29] I: Retrieving libslang2 2.3.2-2
[09:52:29] I: Validating libslang2 2.3.2-2
[09:52:29] I: Retrieving sudo 1.8.27-1+deb10u3
[09:52:30] I: Validating sudo 1.8.27-1+deb10u3
[09:52:30] I: Retrieving libsystemd0 241-7~deb10u7
[09:52:30] I: Validating libsystemd0 241-7~deb10u7
[09:52:30] I: Retrieving libudev1 241-7~deb10u7
[09:52:31] I: Validating libudev1 241-7~deb10u7
[09:52:31] I: Retrieving systemd 241-7~deb10u7
[09:52:32] I: Validating systemd 241-7~deb10u7
[09:52:32] I: Retrieving udev 241-7~deb10u7
[09:52:33] I: Validating udev 241-7~deb10u7
[09:52:33] I: Retrieving sysvinit-utils 2.93-8
[09:52:34] I: Validating sysvinit-utils 2.93-8
[09:52:34] I: Retrieving tar 1.30+dfsg-6
[09:52:34] I: Validating tar 1.30+dfsg-6
[09:52:34] I: Retrieving tasksel 3.53
[09:52:35] I: Validating tasksel 3.53
[09:52:35] I: Retrieving tasksel-data 3.53
[09:52:35] I: Validating tasksel-data 3.53
[09:52:35] I: Retrieving tzdata 2021a-0+deb10u1
[09:52:36] I: Validating tzdata 2021a-0+deb10u1
[09:52:36] I: Retrieving libuchardet0 0.0.6-3
[09:52:36] I: Validating libuchardet0 0.0.6-3
[09:52:36] I: Retrieving libsmartcols1 2.33.1-0.1
[09:52:36] I: Validating libsmartcols1 2.33.1-0.1
[09:52:37] I: Retrieving libuuid1 2.33.1-0.1
[09:52:37] I: Validating libuuid1 2.33.1-0.1
[09:52:37] I: Retrieving mount 2.33.1-0.1
[09:52:37] I: Validating mount 2.33.1-0.1
[09:52:38] I: Retrieving util-linux 2.33.1-0.1
[09:52:38] I: Validating util-linux 2.33.1-0.1
[09:52:38] I: Retrieving vim-common 2:8.1.0875-5
[09:52:39] I: Validating vim-common 2:8.1.0875-5
[09:52:39] I: Retrieving vim-tiny 2:8.1.0875-5
[09:52:39] I: Validating vim-tiny 2:8.1.0875-5
[09:52:39] I: Retrieving xxd 2:8.1.0875-5
[09:52:40] I: Validating xxd 2:8.1.0875-5
[09:52:40] I: Retrieving zlib1g 1:1.2.11.dfsg-1
[09:52:40] I: Validating zlib1g 1:1.2.11.dfsg-1
[09:52:40] I: Chosen extractor for .deb packages: ar
[09:52:40] I: Extracting libacl1...
[09:52:40] I: Extracting adduser...
[09:52:41] I: Extracting apt...
[09:52:41] I: Extracting libapt-pkg5.0...
[09:52:41] I: Extracting libattr1...
[09:52:41] I: Extracting libaudit-common...
[09:52:41] I: Extracting libaudit1...
[09:52:41] I: Extracting base-files...
[09:52:41] I: Extracting base-passwd...
[09:52:41] I: Extracting bash...
[09:52:42] I: Extracting libbz2-1.0...
[09:52:42] I: Extracting libdebconfclient0...
[09:52:42] I: Extracting coreutils...
[09:52:42] I: Extracting dash...
[09:52:42] I: Extracting libdb5.3...
[09:52:43] I: Extracting debconf...
[09:52:43] I: Extracting debian-archive-keyring...
[09:52:43] I: Extracting debianutils...
[09:52:43] I: Extracting diffutils...
[09:52:43] I: Extracting dpkg...
[09:52:43] I: Extracting e2fsprogs...
[09:52:43] I: Extracting libcom-err2...
[09:52:43] I: Extracting libext2fs2...
[09:52:43] I: Extracting findutils...
[09:52:43] I: Extracting gcc-8-base...
[09:52:43] I: Extracting libgcc1...
[09:52:43] I: Extracting libc-bin...
[09:52:44] I: Extracting libc6...
[09:52:44] I: Extracting libgmp10...
[09:52:44] I: Extracting gpgv...
[09:52:44] I: Extracting libgnutls30...
[09:52:45] I: Extracting grep...
[09:52:45] I: Extracting gzip...
[09:52:45] I: Extracting hostname...
[09:52:45] I: Extracting init-system-helpers...
[09:52:45] I: Extracting libcap-ng0...
[09:52:45] I: Extracting libffi6...
[09:52:45] I: Extracting libgcrypt20...
[09:52:45] I: Extracting libgpg-error0...
[09:52:45] I: Extracting libidn2-0...
[09:52:45] I: Extracting liblz4-1...
[09:52:45] I: Extracting libncursesw6...
[09:52:45] I: Extracting libhogweed4...
[09:52:45] I: Extracting libnettle6...
[09:52:45] I: Extracting libp11-kit0...
[09:52:45] I: Extracting libpam-modules...
[09:52:46] I: Extracting libpam-modules-bin...
[09:52:46] I: Extracting libpam-runtime...
[09:52:46] I: Extracting bsdutils...
[09:52:46] I: Extracting fdisk...
[09:52:46] I: Extracting libblkid1...
[09:52:46] I: Extracting libfdisk1...
[09:52:46] I: Extracting libmount1...
[09:52:46] I: Extracting liblzma5...
[09:52:46] I: Extracting libss2...
[09:52:46] I: Extracting libstdc++6...
[09:52:46] I: Extracting libseccomp2...
[09:52:46] I: Extracting libselinux1...
[09:52:46] I: Extracting libsemanage-common...
[09:52:46] I: Extracting libsemanage1...
[09:52:46] I: Extracting libsepol1...
[09:52:46] I: Extracting libtasn1-6...
[09:52:46] I: Extracting libunistring2...
[09:52:47] I: Extracting libzstd1...
[09:52:47] I: Extracting mawk...
[09:52:47] I: Extracting libtinfo6...
[09:52:47] I: Extracting ncurses-base...
[09:52:47] I: Extracting ncurses-bin...
[09:52:47] I: Extracting libpam0g...
[09:52:47] I: Extracting libpcre3...
[09:52:47] I: Extracting perl-base...
[09:52:47] I: Extracting sed...
[09:52:48] I: Extracting login...
[09:52:48] I: Extracting passwd...
[09:52:48] I: Extracting libsystemd0...
[09:52:48] I: Extracting libudev1...
[09:52:48] I: Extracting sysvinit-utils...
[09:52:48] I: Extracting tar...
[09:52:48] I: Extracting tzdata...
[09:52:49] I: Extracting libsmartcols1...
[09:52:49] I: Extracting libuuid1...
[09:52:49] I: Extracting mount...
[09:52:49] I: Extracting util-linux...
[09:52:49] I: Extracting zlib1g...
[09:52:49] :: Configuring core/mnt ... 
[09:52:49] :: Configuring core/net ... 
[09:52:49] I: Installing core packages...
[09:52:56] I: Unpacking required packages...
[09:52:56] I: Unpacking libacl1:arm64...
[09:52:56] I: Unpacking adduser...
[09:52:57] I: Unpacking apt...
[09:52:57] I: Unpacking libapt-pkg5.0:arm64...
[09:52:58] I: Unpacking libattr1:arm64...
[09:52:58] I: Unpacking libaudit-common...
[09:52:58] I: Unpacking libaudit1:arm64...
[09:52:58] I: Unpacking base-files...
[09:52:58] I: Unpacking base-passwd...
[09:52:58] I: Unpacking bash...
[09:52:59] I: Unpacking libbz2-1.0:arm64...
[09:52:59] I: Unpacking libdebconfclient0:arm64...
[09:52:59] I: Unpacking coreutils...
[09:53:01] I: Unpacking dash...
[09:53:01] I: Unpacking libdb5.3:arm64...
[09:53:01] I: Unpacking debconf...
[09:53:02] I: Unpacking debian-archive-keyring...
[09:53:02] I: Unpacking debianutils...
[09:53:03] I: Unpacking diffutils...
[09:53:03] I: Unpacking dpkg...
[09:53:04] I: Unpacking e2fsprogs...
[09:53:04] I: Unpacking libcom-err2:arm64...
[09:53:04] I: Unpacking libext2fs2:arm64...
[09:53:04] I: Unpacking findutils...
[09:53:05] I: Unpacking gcc-8-base:arm64...
[09:53:05] I: Unpacking libgcc1:arm64...
[09:53:05] I: Unpacking libc-bin...
[09:53:05] I: Unpacking libc6:arm64...
[09:53:08] I: Unpacking libgmp10:arm64...
[09:53:08] I: Unpacking gpgv...
[09:53:08] I: Unpacking libgnutls30:arm64...
[09:53:08] I: Unpacking grep...
[09:53:09] I: Unpacking gzip...
[09:53:09] I: Unpacking hostname...
[09:53:09] I: Unpacking init-system-helpers...
[09:53:09] I: Unpacking libcap-ng0:arm64...
[09:53:09] I: Unpacking libffi6:arm64...
[09:53:09] I: Unpacking libgcrypt20:arm64...
[09:53:10] I: Unpacking libgpg-error0:arm64...
[09:53:10] I: Unpacking libidn2-0:arm64...
[09:53:10] I: Unpacking liblz4-1:arm64...
[09:53:10] I: Unpacking libncursesw6:arm64...
[09:53:10] I: Unpacking libhogweed4:arm64...
[09:53:10] I: Unpacking libnettle6:arm64...
[09:53:11] I: Unpacking libp11-kit0:arm64...
[09:53:11] I: Unpacking libpam-modules:arm64...
[09:53:12] I: Unpacking libpam-modules-bin...
[09:53:12] I: Unpacking libpam-runtime...
[09:53:12] I: Unpacking bsdutils...
[09:53:12] I: Unpacking fdisk...
[09:53:13] I: Unpacking libblkid1:arm64...
[09:53:13] I: Unpacking libfdisk1:arm64...
[09:53:13] I: Unpacking libmount1:arm64...
[09:53:13] I: Unpacking liblzma5:arm64...
[09:53:13] I: Unpacking libss2:arm64...
[09:53:13] I: Unpacking libstdc++6:arm64...
[09:53:14] I: Unpacking libseccomp2:arm64...
[09:53:14] I: Unpacking libselinux1:arm64...
[09:53:14] I: Unpacking libsemanage-common...
[09:53:14] I: Unpacking libsemanage1:arm64...
[09:53:14] I: Unpacking libsepol1:arm64...
[09:53:14] I: Unpacking libtasn1-6:arm64...
[09:53:14] I: Unpacking libunistring2:arm64...
[09:53:14] I: Unpacking libzstd1:arm64...
[09:53:15] I: Unpacking mawk...
[09:53:15] I: Unpacking libtinfo6:arm64...
[09:53:15] I: Unpacking ncurses-base...
[09:53:15] I: Unpacking ncurses-bin...
[09:53:15] I: Unpacking libpam0g:arm64...
[09:53:15] I: Unpacking libpcre3:arm64...
[09:53:16] I: Unpacking perl-base...
[09:53:18] I: Unpacking sed...
[09:53:18] I: Unpacking login...
[09:53:18] I: Unpacking passwd...
[09:53:20] I: Unpacking libsystemd0:arm64...
[09:53:20] I: Unpacking libudev1:arm64...
[09:53:20] I: Unpacking sysvinit-utils...
[09:53:20] I: Unpacking tar...
[09:53:20] I: Unpacking tzdata...
[09:53:24] I: Unpacking libsmartcols1:arm64...
[09:53:24] I: Unpacking libuuid1:arm64...
[09:53:25] I: Unpacking mount...
[09:53:25] I: Unpacking util-linux...
[09:53:26] I: Unpacking zlib1g:arm64...
[09:53:26] I: Configuring required packages...
[09:53:26] I: Configuring debian-archive-keyring...
[09:53:26] I: Configuring libaudit-common...
[09:53:26] I: Configuring libsemanage-common...
[09:53:26] I: Configuring ncurses-base...
[09:53:26] I: Configuring gcc-8-base:arm64...
[09:53:26] I: Configuring libc6:arm64...
[09:53:27] I: Configuring libudev1:arm64...
[09:53:27] I: Configuring libsepol1:arm64...
[09:53:27] I: Configuring libattr1:arm64...
[09:53:27] I: Configuring libtasn1-6:arm64...
[09:53:27] I: Configuring debianutils...
[09:53:27] I: Configuring mawk...
[09:53:27] I: Configuring libdebconfclient0:arm64...
[09:53:27] I: Configuring base-files...
[09:53:27] I: Configuring libbz2-1.0:arm64...
[09:53:27] I: Configuring base-passwd...
[09:53:27] I: Configuring libdb5.3:arm64...
[09:53:27] I: Configuring libtinfo6:arm64...
[09:53:28] I: Configuring bash...
[09:53:28] I: Configuring libzstd1:arm64...
[09:53:28] I: Configuring liblzma5:arm64...
[09:53:28] I: Configuring libgpg-error0:arm64...
[09:53:28] I: Configuring libgcc1:arm64...
[09:53:28] I: Configuring liblz4-1:arm64...
[09:53:28] I: Configuring libc-bin...
[09:53:28] I: Configuring ncurses-bin...
[09:53:28] I: Configuring libacl1:arm64...
[09:53:28] I: Configuring libunistring2:arm64...
[09:53:28] I: Configuring libsmartcols1:arm64...
[09:53:28] I: Configuring libgcrypt20:arm64...
[09:53:28] I: Configuring zlib1g:arm64...
[09:53:28] I: Configuring libffi6:arm64...
[09:53:28] I: Configuring libidn2-0:arm64...
[09:53:28] I: Configuring libcom-err2:arm64...
[09:53:28] I: Configuring diffutils...
[09:53:28] I: Configuring libseccomp2:arm64...
[09:53:28] I: Configuring libsystemd0:arm64...
[09:53:28] I: Configuring hostname...
[09:53:28] I: Configuring libpcre3:arm64...
[09:53:28] I: Configuring libcap-ng0:arm64...
[09:53:28] I: Configuring libext2fs2:arm64...
[09:53:28] I: Configuring libgmp10:arm64...
[09:53:28] I: Configuring libp11-kit0:arm64...
[09:53:28] I: Configuring libaudit1:arm64...
[09:53:28] I: Configuring libuuid1:arm64...
[09:53:28] I: Configuring libss2:arm64...
[09:53:28] I: Configuring libncursesw6:arm64...
[09:53:28] I: Configuring libnettle6:arm64...
[09:53:28] I: Configuring gpgv...
[09:53:28] I: Configuring libblkid1:arm64...
[09:53:28] I: Configuring libstdc++6:arm64...
[09:53:28] I: Configuring bsdutils...
[09:53:28] I: Configuring libhogweed4:arm64...
[09:53:28] I: Configuring e2fsprogs...
[09:53:28] I: Configuring libselinux1:arm64...
[09:53:28] I: Configuring libgnutls30:arm64...
[09:53:28] I: Configuring sed...
[09:53:28] I: Configuring libfdisk1:arm64...
[09:53:29] I: Configuring findutils...
[09:53:29] I: Configuring libmount1:arm64...
[09:53:29] I: Configuring libapt-pkg5.0:arm64...
[09:53:29] I: Configuring libsemanage1:arm64...
[09:53:29] I: Configuring tar...
[09:53:29] I: Configuring coreutils...
[09:53:29] I: Configuring fdisk...
[09:53:29] I: Configuring dpkg...
[09:53:29] I: Configuring grep...
[09:53:29] I: Configuring perl-base...
[09:53:29] I: Configuring init-system-helpers...
[09:53:29] I: Configuring gzip...
[09:53:29] I: Configuring debconf...
[09:53:29] I: Configuring tzdata...
[09:53:30] I: Configuring libpam0g:arm64...
[09:53:30] I: Configuring dash...
[09:53:31] I: Configuring libpam-modules-bin...
[09:53:31] I: Configuring libpam-modules:arm64...
[09:53:31] I: Configuring passwd...
[09:53:31] I: Configuring libpam-runtime...
[09:53:32] I: Configuring login...
[09:53:32] I: Configuring adduser...
[09:53:32] I: Configuring apt...
[09:53:34] I: Configuring util-linux...
[09:53:35] I: Configuring mount...
[09:53:35] I: Configuring sysvinit-utils...
[09:53:35] I: Configuring libc-bin...
[09:53:35] I: Unpacking the base system...
[09:53:37] I: Unpacking libapparmor1:arm64...
[09:53:37] I: Unpacking apt-utils...
[09:53:37] I: Unpacking libapt-inst2.0:arm64...
[09:53:37] I: Unpacking libargon2-1:arm64...
[09:53:37] I: Unpacking libdns-export1104...
[09:53:38] I: Unpacking libisc-export1100:arm64...
[09:53:38] I: Unpacking bsdmainutils...
[09:53:38] I: Unpacking cpio...
[09:53:38] I: Unpacking cron...
[09:53:38] I: Unpacking libcryptsetup12:arm64...
[09:53:39] I: Unpacking debconf-i18n...
[09:53:39] I: Unpacking dmidecode...
[09:53:39] I: Unpacking libelf1:arm64...
[09:53:39] I: Unpacking gdbm-l10n...
[09:53:39] I: Unpacking libgdbm6:arm64...
[09:53:40] I: Unpacking libc-l10n...
[09:53:40] I: Unpacking groff-base...
[09:53:40] I: Unpacking ifupdown...
[09:53:41] I: Unpacking iproute2...
[09:53:41] I: Unpacking iptables...
[09:53:42] I: Unpacking libip4tc0:arm64...
[09:53:42] I: Unpacking libip6tc0:arm64...
[09:53:42] I: Unpacking libiptc0:arm64...
[09:53:42] I: Unpacking iputils-ping...
[09:53:42] I: Unpacking isc-dhcp-client...
[09:53:43] I: Unpacking isc-dhcp-common...
[09:53:43] I: Unpacking libjson-c3:arm64...
[09:53:43] I: Unpacking kmod...
[09:53:43] I: Unpacking libkmod2:arm64...
[09:53:43] I: Unpacking less...
[09:53:43] I: Unpacking libbsd0:arm64...
[09:53:43] I: Unpacking libcap2:arm64...
[09:53:44] I: Unpacking libcap2-bin...
[09:53:44] I: Unpacking libestr0:arm64...
[09:53:44] I: Unpacking libfastjson4:arm64...
[09:53:44] I: Unpacking libidn11:arm64...
[09:53:44] I: Unpacking liblocale-gettext-perl...
[09:53:44] I: Unpacking liblognorm5:arm64...
[09:53:44] I: Unpacking libmnl0:arm64...
[09:53:44] I: Unpacking libnetfilter-conntrack3:arm64...
[09:53:44] I: Unpacking libnfnetlink0:arm64...
[09:53:45] I: Unpacking libnftnl11:arm64...
[09:53:45] I: Unpacking dmsetup...
[09:53:45] I: Unpacking libdevmapper1.02.1:arm64...
[09:53:45] I: Unpacking libncurses6:arm64...
[09:53:45] I: Unpacking libnewt0.52:arm64...
[09:53:45] I: Unpacking locales...
[09:53:48] I: Unpacking libxtables12:arm64...
[09:53:48] I: Unpacking libpipeline1:arm64...
[09:53:48] I: Unpacking libtext-charwidth-perl...
[09:53:48] I: Unpacking libtext-iconv-perl...
[09:53:48] I: Unpacking libtext-wrapi18n-perl...
[09:53:48] I: Unpacking logrotate...
[09:53:49] I: Unpacking lsb-base...
[09:53:49] I: Unpacking man-db...
[09:53:49] I: Unpacking nano...
[09:53:50] I: Unpacking netbase...
[09:53:50] I: Unpacking whiptail...
[09:53:50] I: Unpacking libssl1.1:arm64...
[09:53:51] I: Unpacking libpopt0:arm64...
[09:53:51] I: Unpacking libprocps7:arm64...
[09:53:51] I: Unpacking procps...
[09:53:51] I: Unpacking readline-common...
[09:53:51] I: Unpacking rsyslog...
[09:53:52] I: Unpacking sensible-utils...
[09:53:52] I: Unpacking libslang2:arm64...
[09:53:52] I: Unpacking sudo...
[09:53:53] I: Unpacking systemd...
[09:53:55] I: Unpacking udev...
[09:53:55] I: Unpacking tasksel...
[09:53:56] I: Unpacking tasksel-data...
[09:53:56] I: Unpacking libuchardet0:arm64...
[09:53:56] I: Unpacking vim-common...
[09:53:56] I: Unpacking vim-tiny...
[09:53:56] I: Unpacking xxd...
[09:53:57] I: Configuring the base system...
[09:53:57] I: Configuring cpio...
[09:53:57] I: Configuring libpipeline1:arm64...
[09:53:57] I: Configuring libtext-iconv-perl...
[09:53:57] I: Configuring libtext-charwidth-perl...
[09:53:57] I: Configuring lsb-base...
[09:53:57] I: Configuring libjson-c3:arm64...
[09:53:57] I: Configuring libip6tc0:arm64...
[09:53:57] I: Configuring libapparmor1:arm64...
[09:53:57] I: Configuring libc-l10n...
[09:53:57] I: Configuring libip4tc0:arm64...
[09:53:57] I: Configuring libestr0:arm64...
[09:53:57] I: Configuring libfastjson4:arm64...
[09:53:57] I: Configuring libssl1.1:arm64...
[09:53:57] I: Configuring libargon2-1:arm64...
[09:53:57] I: Configuring libprocps7:arm64...
[09:53:57] I: Configuring less...
[09:53:58] I: Configuring libapt-inst2.0:arm64...
[09:53:58] I: Configuring locales...
[09:54:01] I: Configuring libtext-wrapi18n-perl...
[09:54:01] I: Configuring xxd...
[09:54:01] I: Configuring libcap2:arm64...
[09:54:01] I: Configuring libcap2-bin...
[09:54:01] I: Configuring vim-common...
[09:54:01] I: Configuring libslang2:arm64...
[09:54:01] I: Configuring libidn11:arm64...
[09:54:01] I: Configuring libiptc0:arm64...
[09:54:02] I: Configuring libncurses6:arm64...
[09:54:02] I: Configuring libmnl0:arm64...
[09:54:02] I: Configuring sudo...
[09:54:02] I: Configuring libxtables12:arm64...
[09:54:02] I: Configuring gdbm-l10n...
[09:54:02] I: Configuring libisc-export1100:arm64...
[09:54:02] I: Configuring liblognorm5:arm64...
[09:54:02] I: Configuring nano...
[09:54:02] I: Configuring sensible-utils...
[09:54:02] I: Configuring libnfnetlink0:arm64...
[09:54:02] I: Configuring libuchardet0:arm64...
[09:54:02] I: Configuring procps...
[09:54:02] I: Configuring netbase...
[09:54:02] I: Configuring isc-dhcp-common...
[09:54:02] I: Configuring dmidecode...
[09:54:02] I: Configuring libbsd0:arm64...
[09:54:02] I: Configuring libelf1:arm64...
[09:54:02] I: Configuring libdns-export1104...
[09:54:02] I: Configuring iputils-ping...
[09:54:02] I: Configuring readline-common...
[09:54:02] I: Configuring liblocale-gettext-perl...
[09:54:02] I: Configuring libkmod2:arm64...
[09:54:02] I: Configuring libgdbm6:arm64...
[09:54:02] I: Configuring libpopt0:arm64...
[09:54:02] I: Configuring libnewt0.52:arm64...
[09:54:02] I: Configuring apt-utils...
[09:54:02] I: Configuring iproute2...
[09:54:03] I: Configuring cron...
[09:54:04] I: Configuring rsyslog...
[09:54:04] I: Configuring isc-dhcp-client...
[09:54:04] I: Configuring debconf-i18n...
[09:54:04] I: Configuring libnftnl11:arm64...
[09:54:04] I: Configuring vim-tiny...
[09:54:05] I: Configuring kmod...
[09:54:05] I: Configuring ifupdown...
[09:54:06] I: Configuring bsdmainutils...
[09:54:06] I: Configuring udev...
[09:54:08] I: Configuring whiptail...
[09:54:08] I: Configuring libnetfilter-conntrack3:arm64...
[09:54:08] I: Configuring groff-base...
[09:54:08] I: Configuring logrotate...
[09:54:09] I: Configuring iptables...
[09:54:09] I: Configuring man-db...
[09:54:34] I: Configuring tasksel-data...
[09:54:34] I: Configuring tasksel...
[09:54:35] I: Configuring libdevmapper1.02.1:arm64...
[09:54:35] I: Configuring dmsetup...
[09:54:35] I: Configuring libcryptsetup12:arm64...
[09:54:35] I: Configuring systemd...
[09:54:36] I: Configuring libc-bin...
[09:54:37] I: Base system installed successfully.
[09:54:37] Updating repository ... done
[09:54:37] :: Configuring core/motd ... 
[09:54:37] :: Configuring core/hosts ... 
[09:54:37] :: Configuring core/hostname ... 
[09:54:37] :: Configuring core/mnt ... 
[09:54:37] :: Configuring core/net ... 
[09:54:37] :: Configuring core/timezone ... 
[09:54:37] :: Configuring core/su ... 
[09:54:37] :: Configuring core/locale ... 
[09:54:37] :: Configuring core/aid ... 
[09:54:39] :: Configuring core/profile ... 
[09:54:39] :: Configuring core/sudo ... 
[09:54:39] :: Configuring core/unchroot ... 
[09:54:39] :: Installing extra/ssh ... 
[09:54:40] Hit:1 http://ftp.debian.org/debian buster InRelease
[09:54:40] Get:2 http://ftp.debian.org/debian buster/main Sources [7836 kB]
[09:54:44] Get:3 http://ftp.debian.org/debian buster/non-free Sources [85.7 kB]
[09:54:44] Get:4 http://ftp.debian.org/debian buster/contrib Sources [42.5 kB]
[09:54:44] Get:5 http://ftp.debian.org/debian buster/main Translation-en [5968 kB]
[09:54:44] Get:6 http://ftp.debian.org/debian buster/contrib arm64 Packages [38.4 kB]
[09:54:44] Get:7 http://ftp.debian.org/debian buster/contrib Translation-en [44.2 kB]
[09:54:44] Get:8 http://ftp.debian.org/debian buster/non-free arm64 Packages [53.8 kB]
[09:54:44] Get:9 http://ftp.debian.org/debian buster/non-free Translation-en [88.9 kB]
[09:54:51] Fetched 14.2 MB in 12s (1203 kB/s)
[09:54:54] Reading package lists...
[09:54:55] Reading package lists...
[09:54:55] Building dependency tree...
[09:54:57] The following additional packages will be installed:
[09:54:57]   libedit2 libgssapi-krb5-2 libk5crypto3 libkeyutils1 libkrb5-3
[09:54:57]   libkrb5support0 libwrap0 openssh-client openssh-sftp-server ucf
[09:54:57] Suggested packages:
[09:54:57]   krb5-doc krb5-user keychain libpam-ssh monkeysphere ssh-askpass molly-guard
[09:54:57]   rssh ufw
[09:54:57] Recommended packages:
[09:54:57]   krb5-locales xauth default-logind | logind | libpam-systemd ncurses-term
[09:54:58] The following NEW packages will be installed:
[09:54:58]   libedit2 libgssapi-krb5-2 libk5crypto3 libkeyutils1 libkrb5-3
[09:54:58]   libkrb5support0 libwrap0 openssh-client openssh-server openssh-sftp-server
[09:54:58]   ucf
[09:54:58] 0 upgraded, 11 newly installed, 0 to remove and 0 not upgraded.
[09:54:58] Need to get 2055 kB of archives.
[09:54:58] After this operation, 7811 kB of additional disk space will be used.
[09:54:58] Get:1 http://ftp.debian.org/debian buster/main arm64 libedit2 arm64 3.1-20181209-1 [91.2 kB]
[09:54:58] Get:2 http://ftp.debian.org/debian buster/main arm64 libkeyutils1 arm64 1.6-6 [14.9 kB]
[09:54:58] Get:3 http://ftp.debian.org/debian buster/main arm64 libkrb5support0 arm64 1.17-3+deb10u1 [64.9 kB]
[09:54:58] Get:4 http://ftp.debian.org/debian buster/main arm64 libk5crypto3 arm64 1.17-3+deb10u1 [123 kB]
[09:54:58] Get:5 http://ftp.debian.org/debian buster/main arm64 libkrb5-3 arm64 1.17-3+deb10u1 [351 kB]
[09:54:58] Get:6 http://ftp.debian.org/debian buster/main arm64 libgssapi-krb5-2 arm64 1.17-3+deb10u1 [150 kB]
[09:54:58] Get:7 http://ftp.debian.org/debian buster/main arm64 openssh-client arm64 1:7.9p1-10+deb10u2 [757 kB]
[09:54:58] Get:8 http://ftp.debian.org/debian buster/main arm64 ucf all 3.0038+nmu1 [69.0 kB]
[09:54:58] Get:9 http://ftp.debian.org/debian buster/main arm64 libwrap0 arm64 7.6.q-28 [58.4 kB]
[09:54:58] Get:10 http://ftp.debian.org/debian buster/main arm64 openssh-sftp-server arm64 1:7.9p1-10+deb10u2 [42.8 kB]
[09:54:59] Get:11 http://ftp.debian.org/debian buster/main arm64 openssh-server arm64 1:7.9p1-10+deb10u2 [334 kB]
[09:54:59] Preconfiguring packages ...
[09:55:00] Fetched 2055 kB in 1s (2175 kB/s)
[09:55:00] Selecting previously unselected package libedit2:arm64.
[09:55:00] (Reading database ... 
(Reading database ... 5%
(Reading database ... 10%
(Reading database ... 15%
(Reading database ... 20%
(Reading database ... 25%
(Reading database ... 30%
(Reading database ... 35%
(Reading database ... 40%
(Reading database ... 45%
(Reading database ... 50%
(Reading database ... 55%
(Reading database ... 60%
(Reading database ... 65%
(Reading database ... 70%
(Reading database ... 75%
(Reading database ... 80%
(Reading database ... 85%
(Reading database ... 90%
(Reading database ... 95%
(Reading database ... 100%
(Reading database ... 10484 files and directories currently installed.)
[09:55:00] Preparing to unpack .../00-libedit2_3.1-20181209-1_arm64.deb ...
[09:55:00] Unpacking libedit2:arm64 (3.1-20181209-1) ...
[09:55:00] Selecting previously unselected package libkeyutils1:arm64.
[09:55:00] Preparing to unpack .../01-libkeyutils1_1.6-6_arm64.deb ...
[09:55:00] Unpacking libkeyutils1:arm64 (1.6-6) ...
[09:55:00] Selecting previously unselected package libkrb5support0:arm64.
[09:55:00] Preparing to unpack .../02-libkrb5support0_1.17-3+deb10u1_arm64.deb ...
[09:55:00] Unpacking libkrb5support0:arm64 (1.17-3+deb10u1) ...
[09:55:01] Selecting previously unselected package libk5crypto3:arm64.
[09:55:01] Preparing to unpack .../03-libk5crypto3_1.17-3+deb10u1_arm64.deb ...
[09:55:01] Unpacking libk5crypto3:arm64 (1.17-3+deb10u1) ...
[09:55:01] Selecting previously unselected package libkrb5-3:arm64.
[09:55:01] Preparing to unpack .../04-libkrb5-3_1.17-3+deb10u1_arm64.deb ...
[09:55:01] Unpacking libkrb5-3:arm64 (1.17-3+deb10u1) ...
[09:55:01] Selecting previously unselected package libgssapi-krb5-2:arm64.
[09:55:01] Preparing to unpack .../05-libgssapi-krb5-2_1.17-3+deb10u1_arm64.deb ...
[09:55:01] Unpacking libgssapi-krb5-2:arm64 (1.17-3+deb10u1) ...
[09:55:01] Selecting previously unselected package openssh-client.
[09:55:01] Preparing to unpack .../06-openssh-client_1%3a7.9p1-10+deb10u2_arm64.deb ...
[09:55:01] Unpacking openssh-client (1:7.9p1-10+deb10u2) ...
[09:55:01] Selecting previously unselected package ucf.
[09:55:01] Preparing to unpack .../07-ucf_3.0038+nmu1_all.deb ...
[09:55:01] Moving old data out of the way
[09:55:01] Unpacking ucf (3.0038+nmu1) ...
[09:55:01] Selecting previously unselected package libwrap0:arm64.
[09:55:01] Preparing to unpack .../08-libwrap0_7.6.q-28_arm64.deb ...
[09:55:01] Unpacking libwrap0:arm64 (7.6.q-28) ...
[09:55:02] Selecting previously unselected package openssh-sftp-server.
[09:55:02] Preparing to unpack .../09-openssh-sftp-server_1%3a7.9p1-10+deb10u2_arm64.deb ...
[09:55:02] Unpacking openssh-sftp-server (1:7.9p1-10+deb10u2) ...
[09:55:02] Selecting previously unselected package openssh-server.
[09:55:02] Preparing to unpack .../10-openssh-server_1%3a7.9p1-10+deb10u2_arm64.deb ...
[09:55:02] Unpacking openssh-server (1:7.9p1-10+deb10u2) ...
[09:55:02] Setting up libkeyutils1:arm64 (1.6-6) ...
[09:55:02] Setting up libedit2:arm64 (3.1-20181209-1) ...
[09:55:02] Setting up libkrb5support0:arm64 (1.17-3+deb10u1) ...
[09:55:02] Setting up libwrap0:arm64 (7.6.q-28) ...
[09:55:02] Setting up ucf (3.0038+nmu1) ...
[09:55:02] Setting up libk5crypto3:arm64 (1.17-3+deb10u1) ...
[09:55:02] Setting up libkrb5-3:arm64 (1.17-3+deb10u1) ...
[09:55:02] Setting up libgssapi-krb5-2:arm64 (1.17-3+deb10u1) ...
[09:55:02] Setting up openssh-client (1:7.9p1-10+deb10u2) ...
[09:55:03] Setting up openssh-sftp-server (1:7.9p1-10+deb10u2) ...
[09:55:03] Setting up openssh-server (1:7.9p1-10+deb10u2) ...
[09:55:03] 
[09:55:03] Creating config file /etc/ssh/sshd_config with new version
[09:55:04] Creating SSH2 RSA key; this may take some time ...
[09:55:04] 2048 SHA256:6eM059vO2+fylW724/9MSeUH0Gprm34CmD9UVfAfZoM root@localhost (RSA)
[09:55:04] Creating SSH2 ECDSA key; this may take some time ...
[09:55:04] 256 SHA256:0ABr9UEOomgijEd/hKmaNUA6atUMQ/4c75X+PLqF+mg root@localhost (ECDSA)
[09:55:04] Creating SSH2 ED25519 key; this may take some time ...
[09:55:04] 256 SHA256:YLObEnXNd/JhL1CEZhn7GrWw1dO+FAhhW++OVKC99vw root@localhost (ED25519)
[09:55:05] Created symlink /etc/systemd/system/sshd.service -> /lib/systemd/system/ssh.service.
[09:55:05] Created symlink /etc/systemd/system/multi-user.target.wants/ssh.service -> /lib/systemd/system/ssh.service.
[09:55:05] invoke-rc.d: could not determine current runlevel
[09:55:05] invoke-rc.d: WARNING: No init system and policy-rc.d missing! Defaulting to block.
[09:55:05] Processing triggers for systemd (241-7~deb10u7) ...
[09:55:05] Processing triggers for man-db (2.8.5-2) ...
[09:55:06] Processing triggers for libc-bin (2.28-10) ...
[09:55:07] :: Configuring extra/ssh ... 
[09:55:07] <<< deploy